Determining if the pthread_create exist failed with the following output:
Change Dir: /root/muduo_server_learn-master/src/mmuduo/build/release-cpp11/CMakeFiles/CMakeTmp

Run Build Command:"/usr/bin/gmake" "cmTC_b735f/fast"
/usr/bin/gmake -f CMakeFiles/cmTC_b735f.dir/build.make CMakeFiles/cmTC_b735f.dir/build
gmake[1]: Entering directory `/root/muduo_server_learn-master/src/mmuduo/build/release-cpp11/CMakeFiles/CMakeTmp'
Building C object CMakeFiles/cmTC_b735f.dir/CheckSymbolExists.c.o
/opt/rh/devtoolset-9/root/usr/bin/cc    -o CMakeFiles/cmTC_b735f.dir/CheckSymbolExists.c.o   -c /root/muduo_server_learn-master/src/mmuduo/build/release-cpp11/CMakeFiles/CMakeTmp/CheckSymbolExists.c
Linking C executable cmTC_b735f
/usr/local/bin/cmake -E cmake_link_script CMakeFiles/cmTC_b735f.dir/link.txt --verbose=1
/opt/rh/devtoolset-9/root/usr/bin/cc      -rdynamic CMakeFiles/cmTC_b735f.dir/CheckSymbolExists.c.o  -o cmTC_b735f 
/opt/rh/devtoolset-9/root/usr/libexec/gcc/x86_64-redhat-linux/9/ld: CMakeFiles/cmTC_b735f.dir/CheckSymbolExists.c.o: in function `main':
CheckSymbolExists.c:(.text+0x16): undefined reference to `pthread_create'
collect2: error: ld returned 1 exit status
gmake[1]: *** [cmTC_b735f] Error 1
gmake[1]: Leaving directory `/root/muduo_server_learn-master/src/mmuduo/build/release-cpp11/CMakeFiles/CMakeTmp'
gmake: *** [cmTC_b735f/fast] Error 2

File /root/muduo_server_learn-master/src/mmuduo/build/release-cpp11/CMakeFiles/CMakeTmp/CheckSymbolExists.c:
/* */
#include <pthread.h>

int main(int argc, char** argv)
{
  (void)argv;
#ifndef pthread_create
  return ((int*)(&pthread_create))[argc];
#else
  (void)argc;
  return 0;
#endif
}

Determining if the function pthread_create exists in the pthreads failed with the following output:
Change Dir: /root/muduo_server_learn-master/src/mmuduo/build/release-cpp11/CMakeFiles/CMakeTmp

Run Build Command:"/usr/bin/gmake" "cmTC_ad34e/fast"
/usr/bin/gmake -f CMakeFiles/cmTC_ad34e.dir/build.make CMakeFiles/cmTC_ad34e.dir/build
gmake[1]: Entering directory `/root/muduo_server_learn-master/src/mmuduo/build/release-cpp11/CMakeFiles/CMakeTmp'
Building C object CMakeFiles/cmTC_ad34e.dir/CheckFunctionExists.c.o
/opt/rh/devtoolset-9/root/usr/bin/cc   -DCHECK_FUNCTION_EXISTS=pthread_create   -o CMakeFiles/cmTC_ad34e.dir/CheckFunctionExists.c.o   -c /usr/local/share/cmake-3.11/Modules/CheckFunctionExists.c
Linking C executable cmTC_ad34e
/usr/local/bin/cmake -E cmake_link_script CMakeFiles/cmTC_ad34e.dir/link.txt --verbose=1
/opt/rh/devtoolset-9/root/usr/bin/cc  -DCHECK_FUNCTION_EXISTS=pthread_create    -rdynamic CMakeFiles/cmTC_ad34e.dir/CheckFunctionExists.c.o  -o cmTC_ad34e -lpthreads 
/opt/rh/devtoolset-9/root/usr/libexec/gcc/x86_64-redhat-linux/9/ld: cannot find -lpthreads
collect2: error: ld returned 1 exit status
gmake[1]: *** [cmTC_ad34e] Error 1
gmake[1]: Leaving directory `/root/muduo_server_learn-master/src/mmuduo/build/release-cpp11/CMakeFiles/CMakeTmp'
gmake: *** [cmTC_ad34e/fast] Error 2


